<?xml version="1.0" encoding="UTF-8"?>
<testng-results skipped="0" failed="0" ignored="0" total="1" passed="1">
  <reporter-output>
  </reporter-output>
  <suite name="Default suite" duration-ms="4810" started-at="2021-06-30T19:32:22 CDT" finished-at="2021-06-30T19:32:27 CDT">
    <groups>
    </groups>
    <test name="Default test" duration-ms="4810" started-at="2021-06-30T19:32:22 CDT" finished-at="2021-06-30T19:32:27 CDT">
      <class name="testCases.LoginPageTest">
        <test-method status="PASS" signature="setUp()[pri:0, instance:testCases.LoginPageTest@536aaa8d]" name="setUp" is-config="true" duration-ms="2677" started-at="2021-06-30T19:32:22 CDT" finished-at="2021-06-30T19:32:25 CDT">
          <reporter-output>
          </reporter-output>
        </test-method> <!-- setUp -->
        <test-method status="PASS" signature="loginTest()[pri:0, instance:testCases.LoginPageTest@536aaa8d]" name="loginTest" duration-ms="2100" started-at="2021-06-30T19:32:25 CDT" finished-at="2021-06-30T19:32:27 CDT">
          <reporter-output>
          </reporter-output>
        </test-method> <!-- loginTest -->
      </class> <!-- testCases.LoginPageTest -->
    </test> <!-- Default test -->
  </suite> <!-- Default suite -->
</testng-results>
